<?xml version="1.0" encoding="utf-8"?>
<coverage line-rate="0.815" branch-rate="0.7757999999999999" version="1.9" timestamp="1676229839" lines-covered="467" lines-valid="573" branches-covered="135" branches-valid="174">
  <sources>
    <source>D:\Academics\University\2023-Spring\ECE 46100\Project\ECE461-TeamProject\ECE461_CLI\</source>
  </sources>
  <packages>
    <package name="ECE461_CLI" line-rate="0.815" branch-rate="0.7757999999999999" complexity="194">
      <classes>
        <class name="ECE461_CLI.Library" filename="Library.cs" line-rate="0.8125" branch-rate="0.8636" complexity="24">
          <methods>
            <method name="addMetrics" signature="()" line-rate="0.6666" branch-rate="1" complexity="2">
              <lines>
                <line number="36" hits="32" branch="False" />
                <line number="42" hits="396" branch="True" condition-coverage="100% (2/2)">
                  <conditions>
                    <condition number="82" type="jump" coverage="100%" />
                  </conditions>
                </line>
                <line number="43" hits="150" branch="False" />
                <line number="45" hits="150" branch="False" />
                <line number="46" hits="150" branch="False" />
                <line number="47" hits="150" branch="False" />
                <line number="48" hits="0" branch="False" />
                <line number="49" hits="0" branch="False" />
                <line number="50" hits="0" branch="False" />
                <line number="53" hits="0" branch="False" />
                <line number="55" hits="150" branch="False" />
                <line number="56" hits="32" branch="False" />
              </lines>
            </method>
            <method name="CalculateScore" signature="()" line-rate="1" branch-rate="0.875" complexity="8">
              <lines>
                <line number="58" hits="31" branch="False" />
                <line number="59" hits="31" branch="True" condition-coverage="100% (2/2)">
                  <conditions>
                    <condition number="17" type="jump" coverage="100%" />
                  </conditions>
                </line>
                <line number="60" hits="31" branch="False" />
                <line number="61" hits="31" branch="False" />
                <line number="62" hits="31" branch="False" />
                <line number="65" hits="31" branch="False" />
                <line number="68" hits="31" branch="False" />
                <line number="69" hits="31" branch="False" />
                <line number="70" hits="393" branch="True" condition-coverage="100% (2/2)">
                  <conditions>
                    <condition number="129" type="jump" coverage="100%" />
                  </conditions>
                </line>
                <line number="71" hits="150" branch="False" />
                <line number="72" hits="150" branch="True" condition-coverage="50% (1/2)">
                  <conditions>
                    <condition number="85" type="jump" coverage="50%" />
                  </conditions>
                </line>
                <line number="73" hits="150" branch="False" />
                <line number="74" hits="150" branch="False" />
                <line number="76" hits="32" branch="True" condition-coverage="100% (2/2)">
                  <conditions>
                    <condition number="160" type="jump" coverage="100%" />
                  </conditions>
                </line>
                <line number="78" hits="31" branch="False" />
                <line number="80" hits="31" branch="False" />
                <line number="82" hits="31" branch="False" />
                <line number="83" hits="31" branch="False" />
              </lines>
            </method>
            <method name="waitForCalculations" signature="()" line-rate="0.6666" branch-rate="1" complexity="2">
              <lines>
                <line number="86" hits="31" branch="False" />
                <line number="88" hits="393" branch="True" condition-coverage="100% (2/2)">
                  <conditions>
                    <condition number="85" type="jump" coverage="100%" />
                  </conditions>
                </line>
                <line number="89" hits="150" branch="False" />
                <line number="91" hits="150" branch="False" />
                <line number="92" hits="150" branch="False" />
                <line number="94" hits="150" branch="False" />
                <line number="95" hits="0" branch="False" />
                <line number="96" hits="0" branch="False" />
                <line number="97" hits="0" branch="False" />
                <line number="99" hits="0" branch="False" />
                <line number="100" hits="150" branch="False" />
                <line number="103" hits="31" branch="False" />
              </lines>
            </method>
            <method name="GetScore" signature="()" line-rate="1" branch-rate="1" complexity="2">
              <lines>
                <line number="110" hits="161" branch="False" />
                <line number="111" hits="191" branch="True" condition-coverage="100% (2/2)">
                  <conditions>
                    <condition number="12" type="jump" coverage="100%" />
                  </conditions>
                </line>
                <line number="112" hits="161" branch="False" />
                <line number="113" hits="161" branch="False" />
              </lines>
            </method>
            <method name="ToJson" signature="()" line-rate="0.7333" branch-rate="0.6666" complexity="6">
              <lines>
                <line number="118" hits="1" branch="False" />
                <line number="121" hits="1" branch="True" condition-coverage="50% (1/2)">
                  <conditions>
                    <condition number="17" type="jump" coverage="50%" />
                  </conditions>
                </line>
                <line number="122" hits="0" branch="False" />
                <line number="123" hits="0" branch="False" />
                <line number="124" hits="0" branch="False" />
                <line number="125" hits="0" branch="False" />
                <line number="127" hits="1" branch="False" />
                <line number="128" hits="13" branch="True" condition-coverage="100% (2/2)">
                  <conditions>
                    <condition number="206" type="jump" coverage="100%" />
                  </conditions>
                </line>
                <line number="129" hits="5" branch="False" />
                <line number="130" hits="5" branch="False" />
                <line number="131" hits="5" branch="False" />
                <line number="132" hits="1" branch="False" />
                <line number="133" hits="1" branch="True" condition-coverage="50% (1/2)">
                  <conditions>
                    <condition number="250" type="jump" coverage="50%" />
                  </conditions>
                </line>
                <line number="135" hits="1" branch="False" />
                <line number="136" hits="1" branch="False" />
              </lines>
            </method>
            <method name="ToOutput" signature="()" line-rate="1" branch-rate="1" complexity="2">
              <lines>
                <line number="140" hits="1" branch="False" />
                <line number="143" hits="1" branch="True" condition-coverage="100% (2/2)">
                  <conditions>
                    <condition number="17" type="jump" coverage="100%" />
                  </conditions>
                </line>
                <line number="144" hits="1" branch="False" />
                <line number="145" hits="1" branch="False" />
                <line number="146" hits="1" branch="False" />
                <line number="147" hits="1" branch="False" />
                <line number="149" hits="1" branch="False" />
                <line number="151" hits="1" branch="False" />
                <line number="152" hits="1" branch="False" />
              </lines>
            </method>
            <method name="ToString" signature="()" line-rate="0" branch-rate="1" complexity="1">
              <lines>
                <line number="155" hits="0" branch="False" />
                <line number="156" hits="0" branch="False" />
                <line number="157" hits="0" branch="False" />
              </lines>
            </method>
            <method name=".ctor" signature="(System.String)" line-rate="1" branch-rate="1" complexity="1">
              <lines>
                <line number="18" hits="41" branch="False" />
                <line number="20" hits="41" branch="False" />
                <line number="28" hits="41" branch="False" />
                <line number="29" hits="41" branch="False" />
                <line number="30" hits="41" branch="False" />
                <line number="31" hits="41" branch="False" />
                <line number="32" hits="41" branch="False" />
              </lines>
            </method>
          </methods>
          <lines>
            <line number="36" hits="32" branch="False" />
            <line number="42" hits="396" branch="True" condition-coverage="100% (2/2)">
              <conditions>
                <condition number="82" type="jump" coverage="100%" />
              </conditions>
            </line>
            <line number="43" hits="150" branch="False" />
            <line number="45" hits="150" branch="False" />
            <line number="46" hits="150" branch="False" />
            <line number="47" hits="150" branch="False" />
            <line number="48" hits="0" branch="False" />
            <line number="49" hits="0" branch="False" />
            <line number="50" hits="0" branch="False" />
            <line number="53" hits="0" branch="False" />
            <line number="55" hits="150" branch="False" />
            <line number="56" hits="32" branch="False" />
            <line number="58" hits="31" branch="False" />
            <line number="59" hits="31" branch="True" condition-coverage="100% (2/2)">
              <conditions>
                <condition number="17" type="jump" coverage="100%" />
              </conditions>
            </line>
            <line number="60" hits="31" branch="False" />
            <line number="61" hits="31" branch="False" />
            <line number="62" hits="31" branch="False" />
            <line number="65" hits="31" branch="False" />
            <line number="68" hits="31" branch="False" />
            <line number="69" hits="31" branch="False" />
            <line number="70" hits="393" branch="True" condition-coverage="100% (2/2)">
              <conditions>
                <condition number="129" type="jump" coverage="100%" />
              </conditions>
            </line>
            <line number="71" hits="150" branch="False" />
            <line number="72" hits="150" branch="True" condition-coverage="50% (1/2)">
              <conditions>
                <condition number="85" type="jump" coverage="50%" />
              </conditions>
            </line>
            <line number="73" hits="150" branch="False" />
            <line number="74" hits="150" branch="False" />
            <line number="76" hits="32" branch="True" condition-coverage="100% (2/2)">
              <conditions>
                <condition number="160" type="jump" coverage="100%" />
              </conditions>
            </line>
            <line number="78" hits="31" branch="False" />
            <line number="80" hits="31" branch="False" />
            <line number="82" hits="31" branch="False" />
            <line number="83" hits="31" branch="False" />
            <line number="86" hits="31" branch="False" />
            <line number="88" hits="393" branch="True" condition-coverage="100% (2/2)">
              <conditions>
                <condition number="85" type="jump" coverage="100%" />
              </conditions>
            </line>
            <line number="89" hits="150" branch="False" />
            <line number="91" hits="150" branch="False" />
            <line number="92" hits="150" branch="False" />
            <line number="94" hits="150" branch="False" />
            <line number="95" hits="0" branch="False" />
            <line number="96" hits="0" branch="False" />
            <line number="97" hits="0" branch="False" />
            <line number="99" hits="0" branch="False" />
            <line number="100" hits="150" branch="False" />
            <line number="103" hits="31" branch="False" />
            <line number="110" hits="161" branch="False" />
            <line number="111" hits="191" branch="True" condition-coverage="100% (2/2)">
              <conditions>
                <condition number="12" type="jump" coverage="100%" />
              </conditions>
            </line>
            <line number="112" hits="161" branch="False" />
            <line number="113" hits="161" branch="False" />
            <line number="118" hits="1" branch="False" />
            <line number="121" hits="1" branch="True" condition-coverage="50% (1/2)">
              <conditions>
                <condition number="17" type="jump" coverage="50%" />
              </conditions>
            </line>
            <line number="122" hits="0" branch="False" />
            <line number="123" hits="0" branch="False" />
            <line number="124" hits="0" branch="False" />
            <line number="125" hits="0" branch="False" />
            <line number="127" hits="1" branch="False" />
            <line number="128" hits="13" branch="True" condition-coverage="100% (2/2)">
              <conditions>
                <condition number="206" type="jump" coverage="100%" />
              </conditions>
            </line>
            <line number="129" hits="5" branch="False" />
            <line number="130" hits="5" branch="False" />
            <line number="131" hits="5" branch="False" />
            <line number="132" hits="1" branch="False" />
            <line number="133" hits="1" branch="True" condition-coverage="50% (1/2)">
              <conditions>
                <condition number="250" type="jump" coverage="50%" />
              </conditions>
            </line>
            <line number="135" hits="1" branch="False" />
            <line number="136" hits="1" branch="False" />
            <line number="140" hits="1" branch="False" />
            <line number="143" hits="1" branch="True" condition-coverage="100% (2/2)">
              <conditions>
                <condition number="17" type="jump" coverage="100%" />
              </conditions>
            </line>
            <line number="144" hits="1" branch="False" />
            <line number="145" hits="1" branch="False" />
            <line number="146" hits="1" branch="False" />
            <line number="147" hits="1" branch="False" />
            <line number="149" hits="1" branch="False" />
            <line number="151" hits="1" branch="False" />
            <line number="152" hits="1" branch="False" />
            <line number="155" hits="0" branch="False" />
            <line number="156" hits="0" branch="False" />
            <line number="157" hits="0" branch="False" />
            <line number="18" hits="41" branch="False" />
            <line number="20" hits="41" branch="False" />
            <line number="28" hits="41" branch="False" />
            <line number="29" hits="41" branch="False" />
            <line number="30" hits="41" branch="False" />
            <line number="31" hits="41" branch="False" />
            <line number="32" hits="41" branch="False" />
          </lines>
        </class>
        <class name="ECE461_CLI.Library/LibraryComparer" filename="Library.cs" line-rate="1" branch-rate="1" complexity="1">
          <methods>
            <method name="Compare" signature="(ECE461_CLI.Library,ECE461_CLI.Library)" line-rate="1" branch-rate="1" complexity="1">
              <lines>
                <line number="165" hits="52" branch="False" />
                <line number="167" hits="52" branch="False" />
                <line number="168" hits="52" branch="False" />
              </lines>
            </method>
          </methods>
          <lines>
            <line number="165" hits="52" branch="False" />
            <line number="167" hits="52" branch="False" />
            <line number="168" hits="52" branch="False" />
          </lines>
        </class>
        <class name="ECE461_CLI.UrlLibrary" filename="Library.cs" line-rate="0.7179000000000001" branch-rate="0.6666" complexity="9">
          <methods>
            <method name="GetUrl" signature="()" line-rate="0" branch-rate="1" complexity="1">
              <lines>
                <line number="199" hits="0" branch="False" />
                <line number="200" hits="0" branch="False" />
                <line number="201" hits="0" branch="False" />
              </lines>
            </method>
            <method name="ToOutput" signature="()" line-rate="0.7142000000000001" branch-rate="0.75" complexity="4">
              <lines>
                <line number="204" hits="25" branch="False" />
                <line number="205" hits="25" branch="True" condition-coverage="50% (1/2)">
                  <conditions>
                    <condition number="17" type="jump" coverage="50%" />
                  </conditions>
                </line>
                <line number="206" hits="0" branch="False" />
                <line number="207" hits="0" branch="False" />
                <line number="208" hits="0" branch="False" />
                <line number="209" hits="0" branch="False" />
                <line number="211" hits="25" branch="False" />
                <line number="212" hits="325" branch="True" condition-coverage="100% (2/2)">
                  <conditions>
                    <condition number="172" type="jump" coverage="100%" />
                  </conditions>
                </line>
                <line number="213" hits="125" branch="False" />
                <line number="214" hits="125" branch="False" />
                <line number="215" hits="125" branch="False" />
                <line number="216" hits="25" branch="False" />
                <line number="218" hits="25" branch="False" />
                <line number="219" hits="25" branch="False" />
              </lines>
            </method>
            <method name="GetFromNpmUrl" signature="(System.String)" line-rate="0.875" branch-rate="0.5" complexity="2">
              <lines>
                <line number="248" hits="10" branch="False" />
                <line number="250" hits="10" branch="False" />
                <line number="253" hits="10" branch="False" />
                <line number="254" hits="10" branch="False" />
                <line number="255" hits="9" branch="False" />
                <line number="256" hits="1" branch="False" />
                <line number="257" hits="1" branch="False" />
                <line number="258" hits="1" branch="False" />
                <line number="259" hits="1" branch="False" />
                <line number="261" hits="9" branch="False" />
                <line number="263" hits="9" branch="True" condition-coverage="50% (1/2)">
                  <conditions>
                    <condition number="76" type="jump" coverage="50%" />
                  </conditions>
                </line>
                <line number="264" hits="0" branch="False" />
                <line number="265" hits="0" branch="False" />
                <line number="268" hits="9" branch="False" />
                <line number="269" hits="9" branch="False" />
                <line number="271" hits="10" branch="False" />
              </lines>
            </method>
            <method name=".ctor" signature="(System.String)" line-rate="1" branch-rate="1" complexity="1">
              <lines>
                <line number="187" hits="40" branch="False" />
                <line number="188" hits="40" branch="False" />
                <line number="189" hits="40" branch="False" />
                <line number="195" hits="40" branch="False" />
              </lines>
            </method>
            <method name=".cctor" signature="()" line-rate="0" branch-rate="1" complexity="1">
              <lines>
                <line number="184" hits="0" branch="False" />
                <line number="185" hits="0" branch="False" />
              </lines>
            </method>
          </methods>
          <lines>
            <line number="199" hits="0" branch="False" />
            <line number="200" hits="0" branch="False" />
            <line number="201" hits="0" branch="False" />
            <line number="204" hits="25" branch="False" />
            <line number="205" hits="25" branch="True" condition-coverage="50% (1/2)">
              <conditions>
                <condition number="17" type="jump" coverage="50%" />
              </conditions>
            </line>
            <line number="206" hits="0" branch="False" />
            <line number="207" hits="0" branch="False" />
            <line number="208" hits="0" branch="False" />
            <line number="209" hits="0" branch="False" />
            <line number="211" hits="25" branch="False" />
            <line number="212" hits="325" branch="True" condition-coverage="100% (2/2)">
              <conditions>
                <condition number="172" type="jump" coverage="100%" />
              </conditions>
            </line>
            <line number="213" hits="125" branch="False" />
            <line number="214" hits="125" branch="False" />
            <line number="215" hits="125" branch="False" />
            <line number="216" hits="25" branch="False" />
            <line number="218" hits="25" branch="False" />
            <line number="219" hits="25" branch="False" />
            <line number="248" hits="10" branch="False" />
            <line number="250" hits="10" branch="False" />
            <line number="253" hits="10" branch="False" />
            <line number="254" hits="10" branch="False" />
            <line number="255" hits="9" branch="False" />
            <line number="256" hits="1" branch="False" />
            <line number="257" hits="1" branch="False" />
            <line number="258" hits="1" branch="False" />
            <line number="259" hits="1" branch="False" />
            <line number="261" hits="9" branch="False" />
            <line number="263" hits="9" branch="True" condition-coverage="50% (1/2)">
              <conditions>
                <condition number="76" type="jump" coverage="50%" />
              </conditions>
            </line>
            <line number="264" hits="0" branch="False" />
            <line number="265" hits="0" branch="False" />
            <line number="268" hits="9" branch="False" />
            <line number="269" hits="9" branch="False" />
            <line number="271" hits="10" branch="False" />
            <line number="187" hits="40" branch="False" />
            <line number="188" hits="40" branch="False" />
            <line number="189" hits="40" branch="False" />
            <line number="195" hits="40" branch="False" />
            <line number="184" hits="0" branch="False" />
            <line number="185" hits="0" branch="False" />
          </lines>
        </class>
        <class name="ECE461_CLI.UrlLibrary/&lt;scrapeForGitUrl&gt;d__6" filename="Library.cs" line-rate="0.9285" branch-rate="0.75" complexity="4">
          <methods>
            <method name="MoveNext" signature="()" line-rate="0.9285" branch-rate="0.75" complexity="4">
              <lines>
                <line number="223" hits="10" branch="False" />
                <line number="226" hits="10" branch="False" />
                <line number="227" hits="10" branch="False" />
                <line number="229" hits="10" branch="False" />
                <line number="231" hits="10" branch="False" />
                <line number="234" hits="9" branch="False" />
                <line number="235" hits="18666" branch="True" condition-coverage="50% (1/2)">
                  <conditions>
                    <condition number="357" type="jump" coverage="50%" />
                  </conditions>
                </line>
                <line number="236" hits="9324" branch="False" />
                <line number="237" hits="9324" branch="True" condition-coverage="100% (2/2)">
                  <conditions>
                    <condition number="306" type="jump" coverage="100%" />
                  </conditions>
                </line>
                <line number="238" hits="9" branch="False" />
                <line number="239" hits="9" branch="False" />
                <line number="241" hits="9315" branch="False" />
                <line number="243" hits="0" branch="False" />
                <line number="245" hits="9" branch="False" />
              </lines>
            </method>
          </methods>
          <lines>
            <line number="223" hits="10" branch="False" />
            <line number="226" hits="10" branch="False" />
            <line number="227" hits="10" branch="False" />
            <line number="229" hits="10" branch="False" />
            <line number="231" hits="10" branch="False" />
            <line number="234" hits="9" branch="False" />
            <line number="235" hits="18666" branch="True" condition-coverage="50% (1/2)">
              <conditions>
                <condition number="357" type="jump" coverage="50%" />
              </conditions>
            </line>
            <line number="236" hits="9324" branch="False" />
            <line number="237" hits="9324" branch="True" condition-coverage="100% (2/2)">
              <conditions>
                <condition number="306" type="jump" coverage="100%" />
              </conditions>
            </line>
            <line number="238" hits="9" branch="False" />
            <line number="239" hits="9" branch="False" />
            <line number="241" hits="9315" branch="False" />
            <line number="243" hits="0" branch="False" />
            <line number="245" hits="9" branch="False" />
          </lines>
        </class>
        <class name="ECE461_CLI.GitUrlLibrary" filename="Library.cs" line-rate="1" branch-rate="1" complexity="6">
          <methods>
            <method name="get_owner" signature="()" line-rate="1" branch-rate="1" complexity="1">
              <lines>
                <line number="285" hits="160" branch="False" />
              </lines>
            </method>
            <method name="addMetrics" signature="()" line-rate="1" branch-rate="1" complexity="1">
              <lines>
                <line number="316" hits="30" branch="False" />
                <line number="321" hits="30" branch="False" />
                <line number="322" hits="30" branch="False" />
                <line number="323" hits="30" branch="False" />
                <line number="324" hits="30" branch="False" />
                <line number="325" hits="30" branch="False" />
                <line number="327" hits="30" branch="False" />
                <line number="328" hits="30" branch="False" />
              </lines>
            </method>
            <method name=".ctor" signature="(System.String)" line-rate="1" branch-rate="1" complexity="4">
              <lines>
                <line number="288" hits="40" branch="False" />
                <line number="289" hits="40" branch="False" />
                <line number="294" hits="40" branch="False" />
                <line number="295" hits="40" branch="True" condition-coverage="100% (2/2)">
                  <conditions>
                    <condition number="33" type="jump" coverage="100%" />
                  </conditions>
                </line>
                <line number="296" hits="3" branch="False" />
                <line number="297" hits="3" branch="False" />
                <line number="298" hits="3" branch="False" />
                <line number="299" hits="3" branch="False" />
                <line number="300" hits="3" branch="False" />
                <line number="302" hits="37" branch="False" />
                <line number="303" hits="37" branch="False" />
                <line number="304" hits="37" branch="False" />
                <line number="305" hits="37" branch="True" condition-coverage="100% (2/2)">
                  <conditions>
                    <condition number="123" type="jump" coverage="100%" />
                  </conditions>
                </line>
                <line number="306" hits="7" branch="False" />
                <line number="307" hits="7" branch="False" />
                <line number="308" hits="7" branch="False" />
                <line number="309" hits="37" branch="False" />
                <line number="312" hits="40" branch="False" />
              </lines>
            </method>
          </methods>
          <lines>
            <line number="285" hits="160" branch="False" />
            <line number="316" hits="30" branch="False" />
            <line number="321" hits="30" branch="False" />
            <line number="322" hits="30" branch="False" />
            <line number="323" hits="30" branch="False" />
            <line number="324" hits="30" branch="False" />
            <line number="325" hits="30" branch="False" />
            <line number="327" hits="30" branch="False" />
            <line number="328" hits="30" branch="False" />
            <line number="288" hits="40" branch="False" />
            <line number="289" hits="40" branch="False" />
            <line number="294" hits="40" branch="False" />
            <line number="295" hits="40" branch="True" condition-coverage="100% (2/2)">
              <conditions>
                <condition number="33" type="jump" coverage="100%" />
              </conditions>
            </line>
            <line number="296" hits="3" branch="False" />
            <line number="297" hits="3" branch="False" />
            <line number="298" hits="3" branch="False" />
            <line number="299" hits="3" branch="False" />
            <line number="300" hits="3" branch="False" />
            <line number="302" hits="37" branch="False" />
            <line number="303" hits="37" branch="False" />
            <line number="304" hits="37" branch="False" />
            <line number="305" hits="37" branch="True" condition-coverage="100% (2/2)">
              <conditions>
                <condition number="123" type="jump" coverage="100%" />
              </conditions>
            </line>
            <line number="306" hits="7" branch="False" />
            <line number="307" hits="7" branch="False" />
            <line number="308" hits="7" branch="False" />
            <line number="309" hits="37" branch="False" />
            <line number="312" hits="40" branch="False" />
          </lines>
        </class>
        <class name="ECE461_CLI.NPMUrlLibrary" filename="Library.cs" line-rate="0" branch-rate="1" complexity="1">
          <methods>
            <method name=".ctor" signature="(System.String)" line-rate="0" branch-rate="1" complexity="1">
              <lines>
                <line number="337" hits="0" branch="False" />
                <line number="338" hits="0" branch="False" />
                <line number="345" hits="0" branch="False" />
              </lines>
            </method>
          </methods>
          <lines>
            <line number="337" hits="0" branch="False" />
            <line number="338" hits="0" branch="False" />
            <line number="345" hits="0" branch="False" />
          </lines>
        </class>
        <class name="ECE461_CLI.NPMGitUrlLibrary" filename="Library.cs" line-rate="0.5714" branch-rate="1" complexity="2">
          <methods>
            <method name="GetUrl" signature="()" line-rate="0" branch-rate="1" complexity="1">
              <lines>
                <line number="362" hits="0" branch="False" />
                <line number="363" hits="0" branch="False" />
                <line number="364" hits="0" branch="False" />
              </lines>
            </method>
            <method name=".ctor" signature="(System.String,System.String)" line-rate="1" branch-rate="1" complexity="1">
              <lines>
                <line number="356" hits="9" branch="False" />
                <line number="357" hits="9" branch="False" />
                <line number="358" hits="9" branch="False" />
                <line number="359" hits="9" branch="False" />
              </lines>
            </method>
          </methods>
          <lines>
            <line number="362" hits="0" branch="False" />
            <line number="363" hits="0" branch="False" />
            <line number="364" hits="0" branch="False" />
            <line number="356" hits="9" branch="False" />
            <line number="357" hits="9" branch="False" />
            <line number="358" hits="9" branch="False" />
            <line number="359" hits="9" branch="False" />
          </lines>
        </class>
        <class name="ECE461_CLI.Metric" filename="Metric.cs" line-rate="1" branch-rate="1" complexity="2">
          <methods>
            <method name="GetScore" signature="()" line-rate="1" branch-rate="1" complexity="1">
              <lines>
                <line number="32" hits="130" branch="False" />
                <line number="33" hits="130" branch="False" />
                <line number="34" hits="130" branch="False" />
              </lines>
            </method>
            <method name=".ctor" signature="(ECE461_CLI.GitUrlLibrary)" line-rate="1" branch-rate="1" complexity="1">
              <lines>
                <line number="26" hits="160" branch="False" />
                <line number="27" hits="160" branch="False" />
                <line number="28" hits="160" branch="False" />
                <line number="30" hits="160" branch="False" />
              </lines>
            </method>
          </methods>
          <lines>
            <line number="32" hits="130" branch="False" />
            <line number="33" hits="130" branch="False" />
            <line number="34" hits="130" branch="False" />
            <line number="26" hits="160" branch="False" />
            <line number="27" hits="160" branch="False" />
            <line number="28" hits="160" branch="False" />
            <line number="30" hits="160" branch="False" />
          </lines>
        </class>
        <class name="ECE461_CLI.RampUp" filename="Metric.cs" line-rate="1" branch-rate="1" complexity="1">
          <methods>
            <method name=".ctor" signature="(ECE461_CLI.GitUrlLibrary)" line-rate="1" branch-rate="1" complexity="1">
              <lines>
                <line number="48" hits="32" branch="False" />
                <line number="49" hits="32" branch="False" />
                <line number="50" hits="32" branch="False" />
                <line number="51" hits="32" branch="False" />
                <line number="52" hits="32" branch="False" />
              </lines>
            </method>
          </methods>
          <lines>
            <line number="48" hits="32" branch="False" />
            <line number="49" hits="32" branch="False" />
            <line number="50" hits="32" branch="False" />
            <line number="51" hits="32" branch="False" />
            <line number="52" hits="32" branch="False" />
          </lines>
        </class>
        <class name="ECE461_CLI.RampUp/&lt;Calculate&gt;d__1" filename="Metric.cs" line-rate="0.6944" branch-rate="0.625" complexity="8">
          <methods>
            <method name="MoveNext" signature="()" line-rate="0.6944" branch-rate="0.625" complexity="8">
              <lines>
                <line number="55" hits="32" branch="False" />
                <line number="58" hits="32" branch="False" />
                <line number="60" hits="32" branch="False" />
                <line number="62" hits="32" branch="True" condition-coverage="50% (2/4)">
                  <conditions>
                    <condition number="75" type="jump" coverage="50%" />
                    <condition number="96" type="jump" coverage="50%" />
                  </conditions>
                </line>
                <line number="63" hits="0" branch="False" />
                <line number="64" hits="0" branch="False" />
                <line number="65" hits="0" branch="False" />
                <line number="68" hits="32" branch="False" />
                <line number="69" hits="32" branch="False" />
                <line number="70" hits="32" branch="False" />
                <line number="72" hits="32" branch="False" />
                <line number="74" hits="26" branch="False" />
                <line number="75" hits="26" branch="False" />
                <line number="76" hits="516" branch="True" condition-coverage="100% (2/2)">
                  <conditions>
                    <condition number="566" type="jump" coverage="100%" />
                  </conditions>
                </line>
                <line number="77" hits="219" branch="False" />
                <line number="78" hits="219" branch="False" />
                <line number="79" hits="219" branch="False" />
                <line number="81" hits="26" branch="False" />
                <line number="83" hits="26" branch="True" condition-coverage="50% (1/2)">
                  <conditions>
                    <condition number="765" type="jump" coverage="50%" />
                  </conditions>
                </line>
                <line number="84" hits="0" branch="False" />
                <line number="85" hits="0" branch="False" />
                <line number="86" hits="0" branch="False" />
                <line number="88" hits="0" branch="False" />
                <line number="90" hits="26" branch="False" />
                <line number="92" hits="26" branch="False" />
                <line number="93" hits="26" branch="False" />
                <line number="97" hits="26" branch="False" />
                <line number="98" hits="0" branch="False" />
                <line number="99" hits="0" branch="False" />
                <line number="100" hits="0" branch="False" />
                <line number="101" hits="0" branch="False" />
                <line number="102" hits="6" branch="False" />
                <line number="103" hits="6" branch="False" />
                <line number="104" hits="6" branch="False" />
                <line number="105" hits="6" branch="False" />
                <line number="106" hits="32" branch="False" />
              </lines>
            </method>
          </methods>
          <lines>
            <line number="55" hits="32" branch="False" />
            <line number="58" hits="32" branch="False" />
            <line number="60" hits="32" branch="False" />
            <line number="62" hits="32" branch="True" condition-coverage="50% (2/4)">
              <conditions>
                <condition number="75" type="jump" coverage="50%" />
                <condition number="96" type="jump" coverage="50%" />
              </conditions>
            </line>
            <line number="63" hits="0" branch="False" />
            <line number="64" hits="0" branch="False" />
            <line number="65" hits="0" branch="False" />
            <line number="68" hits="32" branch="False" />
            <line number="69" hits="32" branch="False" />
            <line number="70" hits="32" branch="False" />
            <line number="72" hits="32" branch="False" />
            <line number="74" hits="26" branch="False" />
            <line number="75" hits="26" branch="False" />
            <line number="76" hits="516" branch="True" condition-coverage="100% (2/2)">
              <conditions>
                <condition number="566" type="jump" coverage="100%" />
              </conditions>
            </line>
            <line number="77" hits="219" branch="False" />
            <line number="78" hits="219" branch="False" />
            <line number="79" hits="219" branch="False" />
            <line number="81" hits="26" branch="False" />
            <line number="83" hits="26" branch="True" condition-coverage="50% (1/2)">
              <conditions>
                <condition number="765" type="jump" coverage="50%" />
              </conditions>
            </line>
            <line number="84" hits="0" branch="False" />
            <line number="85" hits="0" branch="False" />
            <line number="86" hits="0" branch="False" />
            <line number="88" hits="0" branch="False" />
            <line number="90" hits="26" branch="False" />
            <line number="92" hits="26" branch="False" />
            <line number="93" hits="26" branch="False" />
            <line number="97" hits="26" branch="False" />
            <line number="98" hits="0" branch="False" />
            <line number="99" hits="0" branch="False" />
            <line number="100" hits="0" branch="False" />
            <line number="101" hits="0" branch="False" />
            <line number="102" hits="6" branch="False" />
            <line number="103" hits="6" branch="False" />
            <line number="104" hits="6" branch="False" />
            <line number="105" hits="6" branch="False" />
            <line number="106" hits="32" branch="False" />
          </lines>
        </class>
        <class name="ECE461_CLI.Correctness" filename="Metric.cs" line-rate="1" branch-rate="1" complexity="1">
          <methods>
            <method name=".ctor" signature="(ECE461_CLI.GitUrlLibrary)" line-rate="1" branch-rate="1" complexity="1">
              <lines>
                <line number="112" hits="32" branch="False" />
                <line number="113" hits="32" branch="False" />
                <line number="114" hits="32" branch="False" />
                <line number="115" hits="32" branch="False" />
                <line number="116" hits="32" branch="False" />
              </lines>
            </method>
          </methods>
          <lines>
            <line number="112" hits="32" branch="False" />
            <line number="113" hits="32" branch="False" />
            <line number="114" hits="32" branch="False" />
            <line number="115" hits="32" branch="False" />
            <line number="116" hits="32" branch="False" />
          </lines>
        </class>
        <class name="ECE461_CLI.Correctness/&lt;Calculate&gt;d__1" filename="Metric.cs" line-rate="0.8162999999999999" branch-rate="0.7419" complexity="62">
          <methods>
            <method name="MoveNext" signature="()" line-rate="0.8162999999999999" branch-rate="0.7419" complexity="62">
              <lines>
                <line number="120" hits="32" branch="False" />
                <line number="123" hits="32" branch="False" />
                <line number="124" hits="32" branch="False" />
                <line number="126" hits="32" branch="True" condition-coverage="50% (2/4)">
                  <conditions>
                    <condition number="49" type="jump" coverage="50%" />
                    <condition number="70" type="jump" coverage="50%" />
                  </conditions>
                </line>
                <line number="127" hits="0" branch="False" />
                <line number="128" hits="0" branch="False" />
                <line number="129" hits="0" branch="False" />
                <line number="133" hits="32" branch="False" />
                <line number="134" hits="32" branch="False" />
                <line number="135" hits="32" branch="False" />
                <line number="137" hits="32" branch="False" />
                <line number="138" hits="32" branch="False" />
                <line number="139" hits="32" branch="False" />
                <line number="140" hits="32" branch="False" />
                <line number="141" hits="32" branch="False" />
                <line number="143" hits="32" branch="False" />
                <line number="144" hits="32" branch="False" />
                <line number="146" hits="26" branch="False" />
                <line number="147" hits="26" branch="False" />
                <line number="148" hits="1182" branch="True" condition-coverage="100% (2/2)">
                  <conditions>
                    <condition number="1029" type="jump" coverage="100%" />
                  </conditions>
                </line>
                <line number="149" hits="552" branch="False" />
                <line number="150" hits="552" branch="True" condition-coverage="74.07% (40/54)">
                  <conditions>
                    <condition number="502" type="jump" coverage="100%" />
                    <condition number="511" type="jump" coverage="100%" />
                    <condition number="520" type="jump" coverage="100%" />
                    <condition number="534" type="jump" coverage="50%" />
                    <condition number="565" type="jump" coverage="50%" />
                    <condition number="576" type="jump" coverage="0%" />
                    <condition number="607" type="jump" coverage="100%" />
                    <condition number="616" type="jump" coverage="100%" />
                    <condition number="630" type="jump" coverage="50%" />
                    <condition number="661" type="jump" coverage="50%" />
                    <condition number="675" type="jump" coverage="0%" />
                    <condition number="548" type="jump" coverage="100%" />
                    <condition number="686" type="jump" coverage="50%" />
                    <condition number="644" type="jump" coverage="50%" />
                    <condition number="590" type="jump" coverage="50%" />
                    <condition number="749" type="jump" coverage="100%" />
                    <condition number="771" type="jump" coverage="100%" />
                    <condition number="793" type="jump" coverage="50%" />
                    <condition number="815" type="jump" coverage="50%" />
                    <condition number="834" type="jump" coverage="50%" />
                    <condition number="853" type="jump" coverage="100%" />
                    <condition number="869" type="jump" coverage="100%" />
                    <condition number="885" type="jump" coverage="100%" />
                    <condition number="901" type="jump" coverage="100%" />
                    <condition number="917" type="jump" coverage="100%" />
                    <condition number="705" type="jump" coverage="100%" />
                    <condition number="727" type="jump" coverage="100%" />
                  </conditions>
                </line>
                <line number="154" hits="48" branch="False" />
                <line number="157" hits="322" branch="False" />
                <line number="158" hits="322" branch="False" />
                <line number="162" hits="0" branch="False" />
                <line number="163" hits="0" branch="False" />
                <line number="169" hits="50" branch="False" />
                <line number="170" hits="50" branch="False" />
                <line number="172" hits="132" branch="False" />
                <line number="174" hits="552" branch="False" />
                <line number="175" hits="552" branch="False" />
                <line number="177" hits="26" branch="True" condition-coverage="100% (2/2)">
                  <conditions>
                    <condition number="1081" type="jump" coverage="100%" />
                  </conditions>
                </line>
                <line number="178" hits="14" branch="False" />
                <line number="179" hits="14" branch="False" />
                <line number="180" hits="14" branch="False" />
                <line number="182" hits="12" branch="False" />
                <line number="183" hits="12" branch="False" />
                <line number="184" hits="12" branch="False" />
                <line number="185" hits="26" branch="False" />
                <line number="186" hits="0" branch="False" />
                <line number="187" hits="0" branch="False" />
                <line number="188" hits="0" branch="False" />
                <line number="189" hits="0" branch="False" />
                <line number="190" hits="6" branch="False" />
                <line number="191" hits="6" branch="False" />
                <line number="192" hits="6" branch="False" />
                <line number="193" hits="6" branch="False" />
                <line number="194" hits="32" branch="False" />
              </lines>
            </method>
          </methods>
          <lines>
            <line number="120" hits="32" branch="False" />
            <line number="123" hits="32" branch="False" />
            <line number="124" hits="32" branch="False" />
            <line number="126" hits="32" branch="True" condition-coverage="50% (2/4)">
              <conditions>
                <condition number="49" type="jump" coverage="50%" />
                <condition number="70" type="jump" coverage="50%" />
              </conditions>
            </line>
            <line number="127" hits="0" branch="False" />
            <line number="128" hits="0" branch="False" />
            <line number="129" hits="0" branch="False" />
            <line number="133" hits="32" branch="False" />
            <line number="134" hits="32" branch="False" />
            <line number="135" hits="32" branch="False" />
            <line number="137" hits="32" branch="False" />
            <line number="138" hits="32" branch="False" />
            <line number="139" hits="32" branch="False" />
            <line number="140" hits="32" branch="False" />
            <line number="141" hits="32" branch="False" />
            <line number="143" hits="32" branch="False" />
            <line number="144" hits="32" branch="False" />
            <line number="146" hits="26" branch="False" />
            <line number="147" hits="26" branch="False" />
            <line number="148" hits="1182" branch="True" condition-coverage="100% (2/2)">
              <conditions>
                <condition number="1029" type="jump" coverage="100%" />
              </conditions>
            </line>
            <line number="149" hits="552" branch="False" />
            <line number="150" hits="552" branch="True" condition-coverage="74.07% (40/54)">
              <conditions>
                <condition number="502" type="jump" coverage="100%" />
                <condition number="511" type="jump" coverage="100%" />
                <condition number="520" type="jump" coverage="100%" />
                <condition number="534" type="jump" coverage="50%" />
                <condition number="565" type="jump" coverage="50%" />
                <condition number="576" type="jump" coverage="0%" />
                <condition number="607" type="jump" coverage="100%" />
                <condition number="616" type="jump" coverage="100%" />
                <condition number="630" type="jump" coverage="50%" />
                <condition number="661" type="jump" coverage="50%" />
                <condition number="675" type="jump" coverage="0%" />
                <condition number="548" type="jump" coverage="100%" />
                <condition number="686" type="jump" coverage="50%" />
                <condition number="644" type="jump" coverage="50%" />
                <condition number="590" type="jump" coverage="50%" />
                <condition number="749" type="jump" coverage="100%" />
                <condition number="771" type="jump" coverage="100%" />
                <condition number="793" type="jump" coverage="50%" />
                <condition number="815" type="jump" coverage="50%" />
                <condition number="834" type="jump" coverage="50%" />
                <condition number="853" type="jump" coverage="100%" />
                <condition number="869" type="jump" coverage="100%" />
                <condition number="885" type="jump" coverage="100%" />
                <condition number="901" type="jump" coverage="100%" />
                <condition number="917" type="jump" coverage="100%" />
                <condition number="705" type="jump" coverage="100%" />
                <condition number="727" type="jump" coverage="100%" />
              </conditions>
            </line>
            <line number="154" hits="48" branch="False" />
            <line number="157" hits="322" branch="False" />
            <line number="158" hits="322" branch="False" />
            <line number="162" hits="0" branch="False" />
            <line number="163" hits="0" branch="False" />
            <line number="169" hits="50" branch="False" />
            <line number="170" hits="50" branch="False" />
            <line number="172" hits="132" branch="False" />
            <line number="174" hits="552" branch="False" />
            <line number="175" hits="552" branch="False" />
            <line number="177" hits="26" branch="True" condition-coverage="100% (2/2)">
              <conditions>
                <condition number="1081" type="jump" coverage="100%" />
              </conditions>
            </line>
            <line number="178" hits="14" branch="False" />
            <line number="179" hits="14" branch="False" />
            <line number="180" hits="14" branch="False" />
            <line number="182" hits="12" branch="False" />
            <line number="183" hits="12" branch="False" />
            <line number="184" hits="12" branch="False" />
            <line number="185" hits="26" branch="False" />
            <line number="186" hits="0" branch="False" />
            <line number="187" hits="0" branch="False" />
            <line number="188" hits="0" branch="False" />
            <line number="189" hits="0" branch="False" />
            <line number="190" hits="6" branch="False" />
            <line number="191" hits="6" branch="False" />
            <line number="192" hits="6" branch="False" />
            <line number="193" hits="6" branch="False" />
            <line number="194" hits="32" branch="False" />
          </lines>
        </class>
        <class name="ECE461_CLI.ResponsiveMaintainer" filename="Metric.cs" line-rate="1" branch-rate="1" complexity="1">
          <methods>
            <method name=".ctor" signature="(ECE461_CLI.GitUrlLibrary)" line-rate="1" branch-rate="1" complexity="1">
              <lines>
                <line number="200" hits="32" branch="False" />
                <line number="201" hits="32" branch="False" />
                <line number="202" hits="32" branch="False" />
                <line number="203" hits="32" branch="False" />
                <line number="204" hits="32" branch="False" />
              </lines>
            </method>
          </methods>
          <lines>
            <line number="200" hits="32" branch="False" />
            <line number="201" hits="32" branch="False" />
            <line number="202" hits="32" branch="False" />
            <line number="203" hits="32" branch="False" />
            <line number="204" hits="32" branch="False" />
          </lines>
        </class>
        <class name="ECE461_CLI.ResponsiveMaintainer/&lt;Calculate&gt;d__1" filename="Metric.cs" line-rate="0.7368000000000001" branch-rate="0.5" complexity="6">
          <methods>
            <method name="MoveNext" signature="()" line-rate="0.7368000000000001" branch-rate="0.5" complexity="6">
              <lines>
                <line number="208" hits="32" branch="False" />
                <line number="211" hits="32" branch="False" />
                <line number="213" hits="32" branch="False" />
                <line number="215" hits="32" branch="True" condition-coverage="50% (2/4)">
                  <conditions>
                    <condition number="61" type="jump" coverage="50%" />
                    <condition number="82" type="jump" coverage="50%" />
                  </conditions>
                </line>
                <line number="216" hits="0" branch="False" />
                <line number="217" hits="0" branch="False" />
                <line number="218" hits="0" branch="False" />
                <line number="222" hits="32" branch="False" />
                <line number="223" hits="32" branch="False" />
                <line number="224" hits="32" branch="False" />
                <line number="226" hits="32" branch="False" />
                <line number="228" hits="26" branch="False" />
                <line number="229" hits="26" branch="False" />
                <line number="230" hits="26" branch="False" />
                <line number="231" hits="26" branch="False" />
                <line number="232" hits="26" branch="False" />
                <line number="233" hits="26" branch="False" />
                <line number="235" hits="26" branch="True" condition-coverage="50% (1/2)">
                  <conditions>
                    <condition number="530" type="jump" coverage="50%" />
                  </conditions>
                </line>
                <line number="236" hits="0" branch="False" />
                <line number="237" hits="0" branch="False" />
                <line number="238" hits="0" branch="False" />
                <line number="240" hits="26" branch="False" />
                <line number="241" hits="26" branch="False" />
                <line number="243" hits="26" branch="False" />
                <line number="244" hits="26" branch="False" />
                <line number="245" hits="26" branch="False" />
                <line number="247" hits="26" branch="False" />
                <line number="249" hits="26" branch="False" />
                <line number="250" hits="26" branch="False" />
                <line number="251" hits="0" branch="False" />
                <line number="252" hits="0" branch="False" />
                <line number="253" hits="0" branch="False" />
                <line number="254" hits="0" branch="False" />
                <line number="255" hits="6" branch="False" />
                <line number="256" hits="6" branch="False" />
                <line number="257" hits="6" branch="False" />
                <line number="258" hits="6" branch="False" />
                <line number="259" hits="32" branch="False" />
              </lines>
            </method>
          </methods>
          <lines>
            <line number="208" hits="32" branch="False" />
            <line number="211" hits="32" branch="False" />
            <line number="213" hits="32" branch="False" />
            <line number="215" hits="32" branch="True" condition-coverage="50% (2/4)">
              <conditions>
                <condition number="61" type="jump" coverage="50%" />
                <condition number="82" type="jump" coverage="50%" />
              </conditions>
            </line>
            <line number="216" hits="0" branch="False" />
            <line number="217" hits="0" branch="False" />
            <line number="218" hits="0" branch="False" />
            <line number="222" hits="32" branch="False" />
            <line number="223" hits="32" branch="False" />
            <line number="224" hits="32" branch="False" />
            <line number="226" hits="32" branch="False" />
            <line number="228" hits="26" branch="False" />
            <line number="229" hits="26" branch="False" />
            <line number="230" hits="26" branch="False" />
            <line number="231" hits="26" branch="False" />
            <line number="232" hits="26" branch="False" />
            <line number="233" hits="26" branch="False" />
            <line number="235" hits="26" branch="True" condition-coverage="50% (1/2)">
              <conditions>
                <condition number="530" type="jump" coverage="50%" />
              </conditions>
            </line>
            <line number="236" hits="0" branch="False" />
            <line number="237" hits="0" branch="False" />
            <line number="238" hits="0" branch="False" />
            <line number="240" hits="26" branch="False" />
            <line number="241" hits="26" branch="False" />
            <line number="243" hits="26" branch="False" />
            <line number="244" hits="26" branch="False" />
            <line number="245" hits="26" branch="False" />
            <line number="247" hits="26" branch="False" />
            <line number="249" hits="26" branch="False" />
            <line number="250" hits="26" branch="False" />
            <line number="251" hits="0" branch="False" />
            <line number="252" hits="0" branch="False" />
            <line number="253" hits="0" branch="False" />
            <line number="254" hits="0" branch="False" />
            <line number="255" hits="6" branch="False" />
            <line number="256" hits="6" branch="False" />
            <line number="257" hits="6" branch="False" />
            <line number="258" hits="6" branch="False" />
            <line number="259" hits="32" branch="False" />
          </lines>
        </class>
        <class name="ECE461_CLI.BusFactor" filename="Metric.cs" line-rate="1" branch-rate="1" complexity="1">
          <methods>
            <method name=".ctor" signature="(ECE461_CLI.GitUrlLibrary)" line-rate="1" branch-rate="1" complexity="1">
              <lines>
                <line number="264" hits="32" branch="False" />
                <line number="265" hits="32" branch="False" />
                <line number="266" hits="32" branch="False" />
                <line number="267" hits="32" branch="False" />
                <line number="268" hits="32" branch="False" />
              </lines>
            </method>
          </methods>
          <lines>
            <line number="264" hits="32" branch="False" />
            <line number="265" hits="32" branch="False" />
            <line number="266" hits="32" branch="False" />
            <line number="267" hits="32" branch="False" />
            <line number="268" hits="32" branch="False" />
          </lines>
        </class>
        <class name="ECE461_CLI.BusFactor/&lt;Calculate&gt;d__1" filename="Metric.cs" line-rate="0.825" branch-rate="0.5" complexity="4">
          <methods>
            <method name="MoveNext" signature="()" line-rate="0.825" branch-rate="0.5" complexity="4">
              <lines>
                <line number="271" hits="32" branch="False" />
                <line number="273" hits="32" branch="False" />
                <line number="275" hits="32" branch="False" />
                <line number="277" hits="32" branch="True" condition-coverage="50% (2/4)">
                  <conditions>
                    <condition number="61" type="jump" coverage="50%" />
                    <condition number="82" type="jump" coverage="50%" />
                  </conditions>
                </line>
                <line number="278" hits="0" branch="False" />
                <line number="279" hits="0" branch="False" />
                <line number="280" hits="0" branch="False" />
                <line number="283" hits="32" branch="False" />
                <line number="284" hits="32" branch="False" />
                <line number="286" hits="32" branch="False" />
                <line number="287" hits="32" branch="False" />
                <line number="288" hits="32" branch="False" />
                <line number="290" hits="32" branch="False" />
                <line number="292" hits="26" branch="False" />
                <line number="293" hits="26" branch="False" />
                <line number="294" hits="26" branch="False" />
                <line number="295" hits="26" branch="False" />
                <line number="296" hits="26" branch="False" />
                <line number="297" hits="26" branch="False" />
                <line number="298" hits="26" branch="False" />
                <line number="299" hits="26" branch="False" />
                <line number="300" hits="26" branch="False" />
                <line number="302" hits="26" branch="False" />
                <line number="303" hits="26" branch="False" />
                <line number="304" hits="26" branch="False" />
                <line number="305" hits="26" branch="False" />
                <line number="306" hits="26" branch="False" />
                <line number="308" hits="26" branch="False" />
                <line number="309" hits="26" branch="False" />
                <line number="310" hits="26" branch="False" />
                <line number="311" hits="26" branch="False" />
                <line number="312" hits="0" branch="False" />
                <line number="313" hits="0" branch="False" />
                <line number="314" hits="0" branch="False" />
                <line number="315" hits="0" branch="False" />
                <line number="316" hits="6" branch="False" />
                <line number="317" hits="6" branch="False" />
                <line number="318" hits="6" branch="False" />
                <line number="319" hits="6" branch="False" />
                <line number="320" hits="32" branch="False" />
              </lines>
            </method>
          </methods>
          <lines>
            <line number="271" hits="32" branch="False" />
            <line number="273" hits="32" branch="False" />
            <line number="275" hits="32" branch="False" />
            <line number="277" hits="32" branch="True" condition-coverage="50% (2/4)">
              <conditions>
                <condition number="61" type="jump" coverage="50%" />
                <condition number="82" type="jump" coverage="50%" />
              </conditions>
            </line>
            <line number="278" hits="0" branch="False" />
            <line number="279" hits="0" branch="False" />
            <line number="280" hits="0" branch="False" />
            <line number="283" hits="32" branch="False" />
            <line number="284" hits="32" branch="False" />
            <line number="286" hits="32" branch="False" />
            <line number="287" hits="32" branch="False" />
            <line number="288" hits="32" branch="False" />
            <line number="290" hits="32" branch="False" />
            <line number="292" hits="26" branch="False" />
            <line number="293" hits="26" branch="False" />
            <line number="294" hits="26" branch="False" />
            <line number="295" hits="26" branch="False" />
            <line number="296" hits="26" branch="False" />
            <line number="297" hits="26" branch="False" />
            <line number="298" hits="26" branch="False" />
            <line number="299" hits="26" branch="False" />
            <line number="300" hits="26" branch="False" />
            <line number="302" hits="26" branch="False" />
            <line number="303" hits="26" branch="False" />
            <line number="304" hits="26" branch="False" />
            <line number="305" hits="26" branch="False" />
            <line number="306" hits="26" branch="False" />
            <line number="308" hits="26" branch="False" />
            <line number="309" hits="26" branch="False" />
            <line number="310" hits="26" branch="False" />
            <line number="311" hits="26" branch="False" />
            <line number="312" hits="0" branch="False" />
            <line number="313" hits="0" branch="False" />
            <line number="314" hits="0" branch="False" />
            <line number="315" hits="0" branch="False" />
            <line number="316" hits="6" branch="False" />
            <line number="317" hits="6" branch="False" />
            <line number="318" hits="6" branch="False" />
            <line number="319" hits="6" branch="False" />
            <line number="320" hits="32" branch="False" />
          </lines>
        </class>
        <class name="ECE461_CLI.LicenseMetric" filename="Metric.cs" line-rate="1" branch-rate="1" complexity="1">
          <methods>
            <method name=".ctor" signature="(ECE461_CLI.GitUrlLibrary)" line-rate="1" branch-rate="1" complexity="1">
              <lines>
                <line number="326" hits="32" branch="False" />
                <line number="328" hits="32" branch="False" />
                <line number="330" hits="32" branch="False" />
                <line number="331" hits="32" branch="False" />
                <line number="332" hits="32" branch="False" />
                <line number="333" hits="32" branch="False" />
                <line number="334" hits="32" branch="False" />
              </lines>
            </method>
          </methods>
          <lines>
            <line number="326" hits="32" branch="False" />
            <line number="328" hits="32" branch="False" />
            <line number="330" hits="32" branch="False" />
            <line number="331" hits="32" branch="False" />
            <line number="332" hits="32" branch="False" />
            <line number="333" hits="32" branch="False" />
            <line number="334" hits="32" branch="False" />
          </lines>
        </class>
        <class name="ECE461_CLI.LicenseMetric/&lt;Calculate&gt;d__3" filename="Metric.cs" line-rate="0.8679000000000001" branch-rate="0.9" complexity="20">
          <methods>
            <method name="MoveNext" signature="()" line-rate="0.8679000000000001" branch-rate="0.9" complexity="20">
              <lines>
                <line number="338" hits="32" branch="False" />
                <line number="341" hits="32" branch="False" />
                <line number="343" hits="32" branch="False" />
                <line number="345" hits="32" branch="True" condition-coverage="50% (2/4)">
                  <conditions>
                    <condition number="61" type="jump" coverage="50%" />
                    <condition number="82" type="jump" coverage="50%" />
                  </conditions>
                </line>
                <line number="346" hits="0" branch="False" />
                <line number="347" hits="0" branch="False" />
                <line number="348" hits="0" branch="False" />
                <line number="351" hits="32" branch="False" />
                <line number="352" hits="32" branch="False" />
                <line number="353" hits="32" branch="False" />
                <line number="355" hits="32" branch="False" />
                <line number="359" hits="26" branch="False" />
                <line number="364" hits="26" branch="False" />
                <line number="366" hits="26" branch="False" />
                <line number="369" hits="70713" branch="True" condition-coverage="100% (2/2)">
                  <conditions>
                    <condition number="630" type="jump" coverage="100%" />
                  </conditions>
                </line>
                <line number="370" hits="23616" branch="True" condition-coverage="100% (2/2)">
                  <conditions>
                    <condition number="569" type="jump" coverage="100%" />
                  </conditions>
                </line>
                <line number="371" hits="23545" branch="False" />
                <line number="373" hits="49" branch="True" condition-coverage="100% (2/2)">
                  <conditions>
                    <condition number="657" type="jump" coverage="100%" />
                  </conditions>
                </line>
                <line number="375" hits="23" branch="False" />
                <line number="378" hits="211" branch="True" condition-coverage="100% (2/2)">
                  <conditions>
                    <condition number="1079" type="jump" coverage="100%" />
                  </conditions>
                </line>
                <line number="379" hits="71" branch="False" />
                <line number="382" hits="1207" branch="True" condition-coverage="100% (2/2)">
                  <conditions>
                    <condition number="878" type="jump" coverage="100%" />
                  </conditions>
                </line>
                <line number="383" hits="497" branch="False" />
                <line number="384" hits="497" branch="True" condition-coverage="100% (2/2)">
                  <conditions>
                    <condition number="788" type="jump" coverage="100%" />
                  </conditions>
                </line>
                <line number="385" hits="21" branch="False" />
                <line number="386" hits="21" branch="False" />
                <line number="387" hits="21" branch="False" />
                <line number="388" hits="21" branch="False" />
                <line number="389" hits="497" branch="False" />
                <line number="392" hits="1349" branch="True" condition-coverage="100% (2/2)">
                  <conditions>
                    <condition number="1048" type="jump" coverage="100%" />
                  </conditions>
                </line>
                <line number="393" hits="568" branch="False" />
                <line number="394" hits="568" branch="True" condition-coverage="100% (2/2)">
                  <conditions>
                    <condition number="958" type="jump" coverage="100%" />
                  </conditions>
                </line>
                <line number="395" hits="2" branch="False" />
                <line number="396" hits="2" branch="False" />
                <line number="397" hits="2" branch="False" />
                <line number="398" hits="2" branch="False" />
                <line number="399" hits="568" branch="False" />
                <line number="400" hits="71" branch="False" />
                <line number="404" hits="23" branch="False" />
                <line number="405" hits="23" branch="False" />
                <line number="407" hits="26" branch="False" />
                <line number="409" hits="3" branch="False" />
                <line number="410" hits="3" branch="False" />
                <line number="414" hits="26" branch="False" />
                <line number="415" hits="0" branch="False" />
                <line number="416" hits="0" branch="False" />
                <line number="417" hits="0" branch="False" />
                <line number="418" hits="0" branch="False" />
                <line number="419" hits="6" branch="False" />
                <line number="420" hits="6" branch="False" />
                <line number="421" hits="6" branch="False" />
                <line number="422" hits="6" branch="False" />
                <line number="423" hits="32" branch="False" />
              </lines>
            </method>
          </methods>
          <lines>
            <line number="338" hits="32" branch="False" />
            <line number="341" hits="32" branch="False" />
            <line number="343" hits="32" branch="False" />
            <line number="345" hits="32" branch="True" condition-coverage="50% (2/4)">
              <conditions>
                <condition number="61" type="jump" coverage="50%" />
                <condition number="82" type="jump" coverage="50%" />
              </conditions>
            </line>
            <line number="346" hits="0" branch="False" />
            <line number="347" hits="0" branch="False" />
            <line number="348" hits="0" branch="False" />
            <line number="351" hits="32" branch="False" />
            <line number="352" hits="32" branch="False" />
            <line number="353" hits="32" branch="False" />
            <line number="355" hits="32" branch="False" />
            <line number="359" hits="26" branch="False" />
            <line number="364" hits="26" branch="False" />
            <line number="366" hits="26" branch="False" />
            <line number="369" hits="70713" branch="True" condition-coverage="100% (2/2)">
              <conditions>
                <condition number="630" type="jump" coverage="100%" />
              </conditions>
            </line>
            <line number="370" hits="23616" branch="True" condition-coverage="100% (2/2)">
              <conditions>
                <condition number="569" type="jump" coverage="100%" />
              </conditions>
            </line>
            <line number="371" hits="23545" branch="False" />
            <line number="373" hits="49" branch="True" condition-coverage="100% (2/2)">
              <conditions>
                <condition number="657" type="jump" coverage="100%" />
              </conditions>
            </line>
            <line number="375" hits="23" branch="False" />
            <line number="378" hits="211" branch="True" condition-coverage="100% (2/2)">
              <conditions>
                <condition number="1079" type="jump" coverage="100%" />
              </conditions>
            </line>
            <line number="379" hits="71" branch="False" />
            <line number="382" hits="1207" branch="True" condition-coverage="100% (2/2)">
              <conditions>
                <condition number="878" type="jump" coverage="100%" />
              </conditions>
            </line>
            <line number="383" hits="497" branch="False" />
            <line number="384" hits="497" branch="True" condition-coverage="100% (2/2)">
              <conditions>
                <condition number="788" type="jump" coverage="100%" />
              </conditions>
            </line>
            <line number="385" hits="21" branch="False" />
            <line number="386" hits="21" branch="False" />
            <line number="387" hits="21" branch="False" />
            <line number="388" hits="21" branch="False" />
            <line number="389" hits="497" branch="False" />
            <line number="392" hits="1349" branch="True" condition-coverage="100% (2/2)">
              <conditions>
                <condition number="1048" type="jump" coverage="100%" />
              </conditions>
            </line>
            <line number="393" hits="568" branch="False" />
            <line number="394" hits="568" branch="True" condition-coverage="100% (2/2)">
              <conditions>
                <condition number="958" type="jump" coverage="100%" />
              </conditions>
            </line>
            <line number="395" hits="2" branch="False" />
            <line number="396" hits="2" branch="False" />
            <line number="397" hits="2" branch="False" />
            <line number="398" hits="2" branch="False" />
            <line number="399" hits="568" branch="False" />
            <line number="400" hits="71" branch="False" />
            <line number="404" hits="23" branch="False" />
            <line number="405" hits="23" branch="False" />
            <line number="407" hits="26" branch="False" />
            <line number="409" hits="3" branch="False" />
            <line number="410" hits="3" branch="False" />
            <line number="414" hits="26" branch="False" />
            <line number="415" hits="0" branch="False" />
            <line number="416" hits="0" branch="False" />
            <line number="417" hits="0" branch="False" />
            <line number="418" hits="0" branch="False" />
            <line number="419" hits="6" branch="False" />
            <line number="420" hits="6" branch="False" />
            <line number="421" hits="6" branch="False" />
            <line number="422" hits="6" branch="False" />
            <line number="423" hits="32" branch="False" />
          </lines>
        </class>
        <class name="ECE461_CLI.Program" filename="Program.cs" line-rate="0.8066" branch-rate="0.8157" complexity="40">
          <methods>
            <method name="testRun" signature="()" line-rate="1" branch-rate="1" complexity="1">
              <lines>
                <line number="46" hits="1" branch="False" />
                <line number="47" hits="1" branch="False" />
                <line number="52" hits="1" branch="False" />
[...]
                <line number="153" hits="2" branch="False" />
                <line number="154" hits="2" branch="False" />
                <line number="155" hits="2" branch="False" />
                <line number="156" hits="0" branch="False" />
                <line number="158" hits="2" branch="True" condition-coverage="100% (4/4)">
                  <conditions>
                    <condition number="29" type="jump" coverage="100%" />
                    <condition number="47" type="jump" coverage="100%" />
                  </conditions>
                </line>
                <line number="159" hits="1" branch="False" />
                <line number="160" hits="1" branch="False" />
                <line number="161" hits="1" branch="False" />
                <line number="162" hits="1" branch="False" />
                <line number="164" hits="1" branch="False" />
                <line number="166" hits="1" branch="False" />
                <line number="168" hits="1" branch="False" />
                <line number="170" hits="2" branch="False" />
                <line number="171" hits="2" branch="False" />
                <line number="172" hits="2" branch="False" />
                <line number="173" hits="0" branch="False" />
                <line number="174" hits="0" branch="False" />
                <line number="175" hits="0" branch="False" />
                <line number="176" hits="0" branch="False" />
                <line number="178" hits="2" branch="False" />
                <line number="181" hits="2" branch="False" />
              </lines>
            </method>
            <method name="LogError" signature="(System.String)" line-rate="1" branch-rate="1" complexity="2">
              <lines>
                <line number="185" hits="42" branch="False" />
                <line number="186" hits="42" branch="False" />
                <line number="188" hits="42" branch="False" />
                <line number="190" hits="42" branch="True" condition-coverage="100% (2/2)">
                  <conditions>
                    <condition number="32" type="jump" coverage="100%" />
                  </conditions>
                </line>
                <line number="191" hits="5" branch="False" />
                <line number="192" hits="5" branch="False" />
                <line number="193" hits="5" branch="False" />
                <line number="194" hits="5" branch="False" />
                <line number="196" hits="5" branch="False" />
                <line number="197" hits="5" branch="False" />
                <line number="200" hits="42" branch="False" />
              </lines>
            </method>
            <method name="LogWarning" signature="(System.String)" line-rate="0.4" branch-rate="0.5" complexity="2">
              <lines>
                <line number="202" hits="2" branch="False" />
                <line number="204" hits="2" branch="False" />
                <line number="206" hits="2" branch="True" condition-coverage="50% (1/2)">
                  <conditions>
                    <condition number="26" type="jump" coverage="50%" />
                  </conditions>
                </line>
                <line number="207" hits="0" branch="False" />
                <line number="208" hits="0" branch="False" />
                <line number="209" hits="0" branch="False" />
                <line number="210" hits="0" branch="False" />
                <line number="212" hits="0" branch="False" />
                <line number="213" hits="0" branch="False" />
                <line number="214" hits="2" branch="False" />
              </lines>
            </method>
            <method name="LogInfo" signature="(System.String)" line-rate="0" branch-rate="0" complexity="2">
              <lines>
                <line number="217" hits="0" branch="False" />
                <line number="218" hits="0" branch="False" />
                <line number="220" hits="0" branch="True" condition-coverage="0% (0/2)">
                  <conditions>
                    <condition number="26" type="jump" coverage="0%" />
                  </conditions>
                </line>
                <line number="221" hits="0" branch="False" />
                <line number="222" hits="0" branch="False" />
                <line number="224" hits="0" branch="False" />
                <line number="225" hits="0" branch="False" />
                <line number="226" hits="0" branch="False" />
              </lines>
            </method>
            <method name="LogDebug" signature="(System.String)" line-rate="1" branch-rate="1" complexity="4">
              <lines>
                <line number="229" hits="58" branch="False" />
                <line number="230" hits="58" branch="False" />
                <line number="232" hits="58" branch="True" condition-coverage="100% (2/2)">
                  <conditions>
                    <condition number="26" type="jump" coverage="100%" />
                  </conditions>
                </line>
                <line number="233" hits="1" branch="False" />
                <line number="234" hits="1" branch="False" />
                <line number="235" hits="1" branch="False" />
                <line number="236" hits="1" branch="False" />
                <line number="237" hits="1" branch="False" />
                <line number="238" hits="58" branch="True" condition-coverage="100% (2/2)">
                  <conditions>
                    <condition number="65" type="jump" coverage="100%" />
                  </conditions>
                </line>
                <line number="239" hits="1" branch="False" />
                <line number="240" hits="1" branch="False" />
                <line number="241" hits="1" branch="False" />
                <line number="242" hits="58" branch="False" />
              </lines>
            </method>
            <method name=".ctor" signature="()" line-rate="0.7894" branch-rate="0.75" complexity="8">
              <lines>
                <line number="23" hits="6" branch="False" />
                <line number="24" hits="6" branch="False" />
                <line number="25" hits="6" branch="False" />
                <line number="26" hits="6" branch="True" condition-coverage="75% (3/4)">
                  <conditions>
                    <condition number="20" type="jump" coverage="50%" />
                    <condition number="36" type="jump" coverage="100%" />
                  </conditions>
                </line>
                <line number="27" hits="6" branch="False" />
                <line number="29" hits="6" branch="False" />
                <line number="30" hits="6" branch="False" />
                <line number="31" hits="6" branch="False" />
                <line number="32" hits="0" branch="False" />
                <line number="33" hits="0" branch="False" />
                <line number="34" hits="0" branch="False" />
                <line number="35" hits="0" branch="False" />
                <line number="36" hits="6" branch="False" />
                <line number="38" hits="6" branch="False" />
                <line number="39" hits="6" branch="True" condition-coverage="75% (3/4)">
                  <conditions>
                    <condition number="94" type="jump" coverage="50%" />
                    <condition number="110" type="jump" coverage="100%" />
                  </conditions>
                </line>
                <line number="40" hits="6" branch="False" />
                <line number="41" hits="6" branch="False" />
                <line number="42" hits="6" branch="False" />
                <line number="43" hits="6" branch="False" />
              </lines>
            </method>
            <method name=".cctor" signature="()" line-rate="1" branch-rate="1" complexity="1">
              <lines>
                <line number="18" hits="1" branch="False" />
                <line number="19" hits="1" branch="False" />
                <line number="20" hits="1" branch="False" />
                <line number="21" hits="1" branch="False" />
              </lines>
            </method>
          </methods>
          <lines>
            <line number="46" hits="1" branch="False" />
            <line number="47" hits="1" branch="False" />
            <line number="52" hits="1" branch="False" />
            <line number="54" hits="1" branch="False" />
            <line number="57" hits="6" branch="False" />
            <line number="60" hits="6" branch="False" />
            <line number="62" hits="6" branch="False" />
            <line number="69" hits="6" branch="False" />
            <line number="70" hits="6" branch="False" />
            <line number="71" hits="3" branch="False" />
            <line number="72" hits="1" branch="False" />
            <line number="73" hits="1" branch="False" />
            <line number="74" hits="1" branch="False" />
            <line number="75" hits="1" branch="False" />
            <line number="77" hits="2" branch="False" />
            <line number="78" hits="2" branch="False" />
            <line number="79" hits="2" branch="False" />
            <line number="80" hits="2" branch="False" />
            <line number="84" hits="65" branch="True" condition-coverage="100% (2/2)">
              <conditions>
                <condition number="287" type="jump" coverage="100%" />
              </conditions>
            </line>
            <line number="85" hits="28" branch="False" />
            <line number="89" hits="28" branch="False" />
            <line number="91" hits="28" branch="True" condition-coverage="100% (2/2)">
              <conditions>
                <condition number="131" type="jump" coverage="100%" />
              </conditions>
            </line>
            <line number="92" hits="2" branch="False" />
            <line number="93" hits="2" branch="False" />
            <line number="94" hits="2" branch="False" />
            <line number="97" hits="26" branch="True" condition-coverage="100% (2/2)">
              <conditions>
                <condition number="166" type="jump" coverage="100%" />
              </conditions>
            </line>
            <line number="98" hits="7" branch="False" />
            <line number="99" hits="7" branch="False" />
            <line number="100" hits="7" branch="True" condition-coverage="100% (2/2)">
              <conditions>
                <condition number="187" type="jump" coverage="100%" />
              </conditions>
            </line>
            <line number="101" hits="6" branch="False" />
            <line number="102" hits="6" branch="False" />
            <line number="103" hits="6" branch="False" />
            <line number="105" hits="1" branch="False" />
            <line number="106" hits="1" branch="False" />
            <line number="107" hits="1" branch="False" />
            <line number="108" hits="7" branch="False" />
            <line number="110" hits="19" branch="False" />
            <line number="111" hits="19" branch="False" />
            <line number="112" hits="19" branch="True" condition-coverage="50% (1/2)">
              <conditions>
                <condition number="244" type="jump" coverage="50%" />
              </conditions>
            </line>
            <line number="113" hits="19" branch="False" />
            <line number="114" hits="19" branch="False" />
            <line number="115" hits="19" branch="False" />
            <line number="117" hits="0" branch="False" />
            <line number="118" hits="0" branch="False" />
            <line number="119" hits="0" branch="False" />
            <line number="120" hits="19" branch="False" />
            <line number="121" hits="26" branch="False" />
            <line number="123" hits="3" branch="True" condition-coverage="50% (1/2)">
              <conditions>
                <condition number="318" type="jump" coverage="50%" />
              </conditions>
            </line>
            <line number="124" hits="0" branch="False" />
            <line number="125" hits="0" branch="False" />
            <line number="126" hits="0" branch="False" />
            <line number="129" hits="3" branch="False" />
            <line number="131" hits="59" branch="True" condition-coverage="100% (2/2)">
              <conditions>
                <condition number="376" type="jump" coverage="100%" />
              </conditions>
            </line>
            <line number="132" hits="25" branch="False" />
            <line number="133" hits="25" branch="False" />
            <line number="135" hits="25" branch="False" />
            <line number="138" hits="3" branch="False" />
            <line number="142" hits="59" branch="True" condition-coverage="100% (2/2)">
              <conditions>
                <condition number="449" type="jump" coverage="100%" />
              </conditions>
            </line>
            <line number="143" hits="25" branch="False" />
            <line number="144" hits="25" branch="False" />
            <line number="145" hits="25" branch="False" />
            <line number="147" hits="6" branch="False" />
            <line number="150" hits="2" branch="False" />
            <line number="151" hits="2" branch="False" />
            <line number="153" hits="2" branch="False" />
            <line number="154" hits="2" branch="False" />
            <line number="155" hits="2" branch="False" />
            <line number="156" hits="0" branch="False" />
            <line number="158" hits="2" branch="True" condition-coverage="100% (4/4)">
              <conditions>
                <condition number="29" type="jump" coverage="100%" />
                <condition number="47" type="jump" coverage="100%" />
              </conditions>
            </line>
            <line number="159" hits="1" branch="False" />
            <line number="160" hits="1" branch="False" />
            <line number="161" hits="1" branch="False" />
            <line number="162" hits="1" branch="False" />
            <line number="164" hits="1" branch="False" />
            <line number="166" hits="1" branch="False" />
            <line number="168" hits="1" branch="False" />
            <line number="170" hits="2" branch="False" />
            <line number="171" hits="2" branch="False" />
            <line number="172" hits="2" branch="False" />
            <line number="173" hits="0" branch="False" />
            <line number="174" hits="0" branch="False" />
            <line number="175" hits="0" branch="False" />
            <line number="176" hits="0" branch="False" />
            <line number="178" hits="2" branch="False" />
            <line number="181" hits="2" branch="False" />
            <line number="185" hits="42" branch="False" />
            <line number="186" hits="42" branch="False" />
            <line number="188" hits="42" branch="False" />
            <line number="190" hits="42" branch="True" condition-coverage="100% (2/2)">
              <conditions>
                <condition number="32" type="jump" coverage="100%" />
              </conditions>
            </line>
            <line number="191" hits="5" branch="False" />
            <line number="192" hits="5" branch="False" />
            <line number="193" hits="5" branch="False" />
            <line number="194" hits="5" branch="False" />
            <line number="196" hits="5" branch="False" />
            <line number="197" hits="5" branch="False" />
            <line number="200" hits="42" branch="False" />
            <line number="202" hits="2" branch="False" />
            <line number="204" hits="2" branch="False" />
            <line number="206" hits="2" branch="True" condition-coverage="50% (1/2)">
              <conditions>
                <condition number="26" type="jump" coverage="50%" />
              </conditions>
            </line>
            <line number="207" hits="0" branch="False" />
            <line number="208" hits="0" branch="False" />
            <line number="209" hits="0" branch="False" />
            <line number="210" hits="0" branch="False" />
            <line number="212" hits="0" branch="False" />
            <line number="213" hits="0" branch="False" />
            <line number="214" hits="2" branch="False" />
            <line number="217" hits="0" branch="False" />
            <line number="218" hits="0" branch="False" />
            <line number="220" hits="0" branch="True" condition-coverage="0% (0/2)">
              <conditions>
                <condition number="26" type="jump" coverage="0%" />
              </conditions>
            </line>
            <line number="221" hits="0" branch="False" />
            <line number="222" hits="0" branch="False" />
            <line number="224" hits="0" branch="False" />
            <line number="225" hits="0" branch="False" />
            <line number="226" hits="0" branch="False" />
            <line number="229" hits="58" branch="False" />
            <line number="230" hits="58" branch="False" />
            <line number="232" hits="58" branch="True" condition-coverage="100% (2/2)">
              <conditions>
                <condition number="26" type="jump" coverage="100%" />
              </conditions>
            </line>
            <line number="233" hits="1" branch="False" />
            <line number="234" hits="1" branch="False" />
            <line number="235" hits="1" branch="False" />
            <line number="236" hits="1" branch="False" />
            <line number="237" hits="1" branch="False" />
            <line number="238" hits="58" branch="True" condition-coverage="100% (2/2)">
              <conditions>
                <condition number="65" type="jump" coverage="100%" />
              </conditions>
            </line>
            <line number="239" hits="1" branch="False" />
            <line number="240" hits="1" branch="False" />
            <line number="241" hits="1" branch="False" />
            <line number="242" hits="58" branch="False" />
            <line number="23" hits="6" branch="False" />
            <line number="24" hits="6" branch="False" />
            <line number="25" hits="6" branch="False" />
            <line number="26" hits="6" branch="True" condition-coverage="75% (3/4)">
              <conditions>
                <condition number="20" type="jump" coverage="50%" />
                <condition number="36" type="jump" coverage="100%" />
              </conditions>
            </line>
            <line number="27" hits="6" branch="False" />
            <line number="29" hits="6" branch="False" />
            <line number="30" hits="6" branch="False" />
            <line number="31" hits="6" branch="False" />
            <line number="32" hits="0" branch="False" />
            <line number="33" hits="0" branch="False" />
            <line number="34" hits="0" branch="False" />
            <line number="35" hits="0" branch="False" />
            <line number="36" hits="6" branch="False" />
            <line number="38" hits="6" branch="False" />
            <line number="39" hits="6" branch="True" condition-coverage="75% (3/4)">
              <conditions>
                <condition number="94" type="jump" coverage="50%" />
                <condition number="110" type="jump" coverage="100%" />
              </conditions>
            </line>
            <line number="40" hits="6" branch="False" />
            <line number="41" hits="6" branch="False" />
            <line number="42" hits="6" branch="False" />
            <line number="43" hits="6" branch="False" />
            <line number="18" hits="1" branch="False" />
            <line number="19" hits="1" branch="False" />
            <line number="20" hits="1" branch="False" />
            <line number="21" hits="1" branch="False" />
          </lines>
        </class>
      </classes>
    </package>
  </packages>
</coverage>